{"numTotalTestSuites":26,"numPassedTestSuites":12,"numFailedTestSuites":14,"numPendingTestSuites":0,"numTotalTests":104,"numPassedTests":93,"numFailedTests":11,"numPendingTests":0,"numTodoTests":0,"snapshot":{"added":0,"failure":false,"filesAdded":0,"filesRemoved":0,"filesRemovedList":[],"filesUnmatched":0,"filesUpdated":0,"matched":0,"total":0,"unchecked":0,"uncheckedKeysByFile":[],"unmatched":0,"updated":0,"didUpdate":false},"startTime":1785921566404,"success":false,"testResults":[{"assertionResults":[{"ancestorTitles":["AutoRCA & Fix Suite E2E Use Cases"],"fullName":"AutoRCA & Fix Suite E2E Use Cases 1. Verifies zero-build localization (I18N) and centralized theme color tokens","status":"passed","title":"1. Verifies zero-build localization (I18N) and centralized theme color tokens","duration":5.956453000000238,"failureMessages":[],"meta":{},"tags":[]},{"ancestorTitles":["AutoRCA & Fix Suite E2E Use Cases"],"fullName":"AutoRCA & Fix Suite E2E Use Cases 2. Renders BugSelectorBar with platform target bug list and supports Manual Issue Mode toggle","status":"passed","title":"2. Renders BugSelectorBar with platform target bug list and supports Manual Issue Mode toggle","duration":67.90918799999963,"failureMessages":[],"meta":{},"tags":[]},{"ancestorTitles":["AutoRCA & Fix Suite E2E Use Cases"],"fullName":"AutoRCA & Fix Suite E2E Use Cases 3. Renders SwarmAgentsPanel with active sub-agents and localized token burn counts","status":"passed","title":"3. Renders SwarmAgentsPanel with active sub-agents and localized token burn counts","duration":20.019353000000137,"failureMessages":[],"meta":{},"tags":[]},{"ancestorTitles":["AutoRCA & Fix Suite E2E Use Cases"],"fullName":"AutoRCA & Fix Suite E2E Use Cases 4. Renders GuardrailStatusBar with token budget meters and triggers email alerts","status":"passed","title":"4. Renders GuardrailStatusBar with token budget meters and triggers email alerts","duration":9.824735000000146,"failureMessages":[],"meta":{},"tags":[]},{"ancestorTitles":["AutoRCA & Fix Suite E2E Use Cases"],"fullName":"AutoRCA & Fix Suite E2E Use Cases 5. Renders LoopStatusCard with Git worktree sandbox path and iteration depth","status":"passed","title":"5. Renders LoopStatusCard with Git worktree sandbox path and iteration depth","duration":7.482003999999961,"failureMessages":[],"meta":{},"tags":[]}],"startTime":1785921569129,"endTime":1785921569240.482,"status":"passed","message":"","name":"/app/applet/src/tests/e2e.test.tsx"},{"assertionResults":[{"ancestorTitles":["Suite 10: Guardrail, Model & System Configuration Controls (Targeted High-Impact Functional Unit Tests)"],"fullName":"Suite 10: Guardrail, Model & System Configuration Controls (Targeted High-Impact Functional Unit Tests) loads default model configuration parameters","status":"failed","title":"loads default model configuration parameters","duration":1.298247000000174,"failureMessages":["AssertionError: expected 0.2 to be 0.1 // Object.is equality\n    at /app/applet/src/tests/suite10_guardrails_config.test.ts:7:44\n    at file:///app/applet/node_modules/@vitest/runner/dist/chunk-artifact.js:302:11\n    at file:///app/applet/node_modules/@vitest/runner/dist/chunk-artifact.js:1903:26\n    at file:///app/applet/node_modules/@vitest/runner/dist/chunk-artifact.js:2326:20\n    at new Promise (<anonymous>)\n    at runWithCancel (file:///app/applet/node_modules/@vitest/runner/dist/chunk-artifact.js:2323:10)\n    at file:///app/applet/node_modules/@vitest/runner/dist/chunk-artifact.js:2305:20\n    at new Promise (<anonymous>)\n    at runWithTimeout (file:///app/applet/node_modules/@vitest/runner/dist/chunk-artifact.js:2272:10)\n    at file:///app/applet/node_modules/@vitest/runner/dist/chunk-artifact.js:2955:64"],"meta":{},"tags":[]},{"ancestorTitles":["Suite 10: Guardrail, Model & System Configuration Controls (Targeted High-Impact Functional Unit Tests)"],"fullName":"Suite 10: Guardrail, Model & System Configuration Controls (Targeted High-Impact Functional Unit Tests) loads default guardrail budget thresholds and recipient email","status":"failed","title":"loads default guardrail budget thresholds and recipient email","duration":0.814343000000008,"failureMessages":["AssertionError: expected 3 to be 10 // Object.is equality\n    at /app/applet/src/tests/suite10_guardrails_config.test.ts:13:54\n    at file:///app/applet/node_modules/@vitest/runner/dist/chunk-artifact.js:302:11\n    at file:///app/applet/node_modules/@vitest/runner/dist/chunk-artifact.js:1903:26\n    at file:///app/applet/node_modules/@vitest/runner/dist/chunk-artifact.js:2326:20\n    at new Promise (<anonymous>)\n    at runWithCancel (file:///app/applet/node_modules/@vitest/runner/dist/chunk-artifact.js:2323:10)\n    at file:///app/applet/node_modules/@vitest/runner/dist/chunk-artifact.js:2305:20\n    at new Promise (<anonymous>)\n    at runWithTimeout (file:///app/applet/node_modules/@vitest/runner/dist/chunk-artifact.js:2272:10)\n    at file:///app/applet/node_modules/@vitest/runner/dist/chunk-artifact.js:2955:64"],"meta":{},"tags":[]},{"ancestorTitles":["Suite 10: Guardrail, Model & System Configuration Controls (Targeted High-Impact Functional Unit Tests)"],"fullName":"Suite 10: Guardrail, Model & System Configuration Controls (Targeted High-Impact Functional Unit Tests) clamps model temperature slider inputs strictly between 0.0 and 1.0","status":"passed","title":"clamps model temperature slider inputs strictly between 0.0 and 1.0","duration":0.33217899999999645,"failureMessages":[],"meta":{},"tags":[]},{"ancestorTitles":["Suite 10: Guardrail, Model & System Configuration Controls (Targeted High-Impact Functional Unit Tests)"],"fullName":"Suite 10: Guardrail, Model & System Configuration Controls (Targeted High-Impact Functional Unit Tests) validates email address syntax for guardrail alert notification modal","status":"passed","title":"validates email address syntax for guardrail alert notification modal","duration":0.365914999999859,"failureMessages":[],"meta":{},"tags":[]},{"ancestorTitles":["Suite 10: Guardrail, Model & System Configuration Controls (Targeted High-Impact Functional Unit Tests)"],"fullName":"Suite 10: Guardrail, Model & System Configuration Controls (Targeted High-Impact Functional Unit Tests) triggers guardrail breach alert payload when token usage or cost exceeds budget","status":"passed","title":"triggers guardrail breach alert payload when token usage or cost exceeds budget","duration":0.32095099999969534,"failureMessages":[],"meta":{},"tags":[]},{"ancestorTitles":["Suite 10: Guardrail, Model & System Configuration Controls (Targeted High-Impact Functional Unit Tests)"],"fullName":"Suite 10: Guardrail, Model & System Configuration Controls (Targeted High-Impact Functional Unit Tests) allows model switching between Gemini 2.5 Pro and Gemini 2.5 Flash","status":"passed","title":"allows model switching between Gemini 2.5 Pro and Gemini 2.5 Flash","duration":0.15667900000016743,"failureMessages":[],"meta":{},"tags":[]},{"ancestorTitles":["Suite 10: Guardrail, Model & System Configuration Controls (Targeted High-Impact Functional Unit Tests)"],"fullName":"Suite 10: Guardrail, Model & System Configuration Controls (Targeted High-Impact Functional Unit Tests) validates configuration auto-save debounce delay timer (800ms)","status":"passed","title":"validates configuration auto-save debounce delay timer (800ms)","duration":0.10835099999985687,"failureMessages":[],"meta":{},"tags":[]},{"ancestorTitles":["Suite 10: Guardrail, Model & System Configuration Controls (Targeted High-Impact Functional Unit Tests)"],"fullName":"Suite 10: Guardrail, Model & System Configuration Controls (Targeted High-Impact Functional Unit Tests) serializes guardrail configuration to JSON string for persistent storage","status":"failed","title":"serializes guardrail configuration to JSON string for persistent storage","duration":0.5996509999999944,"failureMessages":["AssertionError: expected 3 to be 10 // Object.is equality\n    at /app/applet/src/tests/suite10_guardrails_config.test.ts:82:38\n    at file:///app/applet/node_modules/@vitest/runner/dist/chunk-artifact.js:302:11\n    at file:///app/applet/node_modules/@vitest/runner/dist/chunk-artifact.js:1903:26\n    at file:///app/applet/node_modules/@vitest/runner/dist/chunk-artifact.js:2326:20\n    at new Promise (<anonymous>)\n    at runWithCancel (file:///app/applet/node_modules/@vitest/runner/dist/chunk-artifact.js:2323:10)\n    at file:///app/applet/node_modules/@vitest/runner/dist/chunk-artifact.js:2305:20\n    at new Promise (<anonymous>)\n    at runWithTimeout (file:///app/applet/node_modules/@vitest/runner/dist/chunk-artifact.js:2272:10)\n    at file:///app/applet/node_modules/@vitest/runner/dist/chunk-artifact.js:2955:64"],"meta":{},"tags":[]}],"startTime":1785921569487,"endTime":1785921569491.5996,"status":"failed","message":"","name":"/app/applet/src/tests/suite10_guardrails_config.test.ts"},{"assertionResults":[{"ancestorTitles":["Suite 11: Sub-Agent System Prompts Registry & Customization Service (Targeted High-Impact Functional Unit Tests)"],"fullName":"Suite 11: Sub-Agent System Prompts Registry & Customization Service (Targeted High-Impact Functional Unit Tests) loads default system prompts for all 6 specialized AutoRCA agents","status":"passed","title":"loads default system prompts for all 6 specialized AutoRCA agents","duration":0.9992819999997664,"failureMessages":[],"meta":{},"tags":[]},{"ancestorTitles":["Suite 11: Sub-Agent System Prompts Registry & Customization Service (Targeted High-Impact Functional Unit Tests)"],"fullName":"Suite 11: Sub-Agent System Prompts Registry & Customization Service (Targeted High-Impact Functional Unit Tests) verifies RCA Analyst prompt contains required template variables","status":"passed","title":"verifies RCA Analyst prompt contains required template variables","duration":0.3975660000000971,"failureMessages":[],"meta":{},"tags":[]},{"ancestorTitles":["Suite 11: Sub-Agent System Prompts Registry & Customization Service (Targeted High-Impact Functional Unit Tests)"],"fullName":"Suite 11: Sub-Agent System Prompts Registry & Customization Service (Targeted High-Impact Functional Unit Tests) performs template variable substitution on prompt strings","status":"passed","title":"performs template variable substitution on prompt strings","duration":0.2647990000000391,"failureMessages":[],"meta":{},"tags":[]},{"ancestorTitles":["Suite 11: Sub-Agent System Prompts Registry & Customization Service (Targeted High-Impact Functional Unit Tests)"],"fullName":"Suite 11: Sub-Agent System Prompts Registry & Customization Service (Targeted High-Impact Functional Unit Tests) supports version bumping and system prompt customization update","status":"passed","title":"supports version bumping and system prompt customization update","duration":0.25069699999994555,"failureMessages":[],"meta":{},"tags":[]},{"ancestorTitles":["Suite 11: Sub-Agent System Prompts Registry & Customization Service (Targeted High-Impact Functional Unit Tests)"],"fullName":"Suite 11: Sub-Agent System Prompts Registry & Customization Service (Targeted High-Impact Functional Unit Tests) resets modified prompt to original factory defaults","status":"failed","title":"resets modified prompt to original factory defaults","duration":3.0771420000000944,"failureMessages":["AssertionError: expected 'You are the Harness Verifier Sub-Agen…' to contain 'MicroVM Sandbox'\n    at /app/applet/src/tests/suite11_subagent_prompts.test.ts:63:27\n    at file:///app/applet/node_modules/@vitest/runner/dist/chunk-artifact.js:302:11\n    at file:///app/applet/node_modules/@vitest/runner/dist/chunk-artifact.js:1903:26\n    at file:///app/applet/node_modules/@vitest/runner/dist/chunk-artifact.js:2326:20\n    at new Promise (<anonymous>)\n    at runWithCancel (file:///app/applet/node_modules/@vitest/runner/dist/chunk-artifact.js:2323:10)\n    at file:///app/applet/node_modules/@vitest/runner/dist/chunk-artifact.js:2305:20\n    at new Promise (<anonymous>)\n    at runWithTimeout (file:///app/applet/node_modules/@vitest/runner/dist/chunk-artifact.js:2272:10)\n    at file:///app/applet/node_modules/@vitest/runner/dist/chunk-artifact.js:2955:64"],"meta":{},"tags":[]},{"ancestorTitles":["Suite 11: Sub-Agent System Prompts Registry & Customization Service (Targeted High-Impact Functional Unit Tests)"],"fullName":"Suite 11: Sub-Agent System Prompts Registry & Customization Service (Targeted High-Impact Functional Unit Tests) validates sub-agent temperature setting bounds","status":"passed","title":"validates sub-agent temperature setting bounds","duration":0.556641000000127,"failureMessages":[],"meta":{},"tags":[]}],"startTime":1785921569518,"endTime":1785921569523.5566,"status":"failed","message":"","name":"/app/applet/src/tests/suite11_subagent_prompts.test.ts"},{"assertionResults":[{"ancestorTitles":["Suite 1: Multi-Tenant & Multi-Project Context Isolation (Targeted High-Impact Functional Unit Tests)"],"fullName":"Suite 1: Multi-Tenant & Multi-Project Context Isolation (Targeted High-Impact Functional Unit Tests) verifies primary tenant context structure contains valid organization and project identifiers","status":"passed","title":"verifies primary tenant context structure contains valid organization and project identifiers","duration":0.7594980000003488,"failureMessages":[],"meta":{},"tags":[]},{"ancestorTitles":["Suite 1: Multi-Tenant & Multi-Project Context Isolation (Targeted High-Impact Functional Unit Tests)"],"fullName":"Suite 1: Multi-Tenant & Multi-Project Context Isolation (Targeted High-Impact Functional Unit Tests) verifies secondary tenant context isolation from primary tenant","status":"passed","title":"verifies secondary tenant context isolation from primary tenant","duration":1.068337999999585,"failureMessages":[],"meta":{},"tags":[]},{"ancestorTitles":["Suite 1: Multi-Tenant & Multi-Project Context Isolation (Targeted High-Impact Functional Unit Tests)"],"fullName":"Suite 1: Multi-Tenant & Multi-Project Context Isolation (Targeted High-Impact Functional Unit Tests) generates unique composite isolation keys combining tenant ID and project ID","status":"passed","title":"generates unique composite isolation keys combining tenant ID and project ID","duration":0.4089720000001762,"failureMessages":[],"meta":{},"tags":[]},{"ancestorTitles":["Suite 1: Multi-Tenant & Multi-Project Context Isolation (Targeted High-Impact Functional Unit Tests)"],"fullName":"Suite 1: Multi-Tenant & Multi-Project Context Isolation (Targeted High-Impact Functional Unit Tests) constructs correct HTTP isolation headers for outgoing API requests","status":"passed","title":"constructs correct HTTP isolation headers for outgoing API requests","duration":0.7685519999999997,"failureMessages":[],"meta":{},"tags":[]},{"ancestorTitles":["Suite 1: Multi-Tenant & Multi-Project Context Isolation (Targeted High-Impact Functional Unit Tests)"],"fullName":"Suite 1: Multi-Tenant & Multi-Project Context Isolation (Targeted High-Impact Functional Unit Tests) enforces header fallback defaults when context parameters are missing","status":"passed","title":"enforces header fallback defaults when context parameters are missing","duration":0.4857879999999568,"failureMessages":[],"meta":{},"tags":[]},{"ancestorTitles":["Suite 1: Multi-Tenant & Multi-Project Context Isolation (Targeted High-Impact Functional Unit Tests)"],"fullName":"Suite 1: Multi-Tenant & Multi-Project Context Isolation (Targeted High-Impact Functional Unit Tests) prevents cross-tenant data leakage in in-memory state stores","status":"passed","title":"prevents cross-tenant data leakage in in-memory state stores","duration":0.781177000000298,"failureMessages":[],"meta":{},"tags":[]},{"ancestorTitles":["Suite 1: Multi-Tenant & Multi-Project Context Isolation (Targeted High-Impact Functional Unit Tests)"],"fullName":"Suite 1: Multi-Tenant & Multi-Project Context Isolation (Targeted High-Impact Functional Unit Tests) detects optimistic concurrency conflicts (HTTP 409) when version tags mismatch","status":"passed","title":"detects optimistic concurrency conflicts (HTTP 409) when version tags mismatch","duration":0.3585560000001351,"failureMessages":[],"meta":{},"tags":[]},{"ancestorTitles":["Suite 1: Multi-Tenant & Multi-Project Context Isolation (Targeted High-Impact Functional Unit Tests)"],"fullName":"Suite 1: Multi-Tenant & Multi-Project Context Isolation (Targeted High-Impact Functional Unit Tests) resolves optimistic concurrency and accepts updates when versions match","status":"passed","title":"resolves optimistic concurrency and accepts updates when versions match","duration":0.36124699999982113,"failureMessages":[],"meta":{},"tags":[]},{"ancestorTitles":["Suite 1: Multi-Tenant & Multi-Project Context Isolation (Targeted High-Impact Functional Unit Tests)"],"fullName":"Suite 1: Multi-Tenant & Multi-Project Context Isolation (Targeted High-Impact Functional Unit Tests) supports seamless project switching within the same organization context","status":"passed","title":"supports seamless project switching within the same organization context","duration":0.3364360000000488,"failureMessages":[],"meta":{},"tags":[]},{"ancestorTitles":["Suite 1: Multi-Tenant & Multi-Project Context Isolation (Targeted High-Impact Functional Unit Tests)"],"fullName":"Suite 1: Multi-Tenant & Multi-Project Context Isolation (Targeted High-Impact Functional Unit Tests) sanitizes and validates organization string parameters against injection attacks","status":"failed","title":"sanitizes and validates organization string parameters against injection attacks","duration":6.765208000000257,"failureMessages":["AssertionError: expected 'org-acmecorp' to be 'org-acme-corp' // Object.is equality\n    at /app/applet/src/tests/suite1_tenant_isolation.test.ts:128:48\n    at file:///app/applet/node_modules/@vitest/runner/dist/chunk-artifact.js:302:11\n    at file:///app/applet/node_modules/@vitest/runner/dist/chunk-artifact.js:1903:26\n    at file:///app/applet/node_modules/@vitest/runner/dist/chunk-artifact.js:2326:20\n    at new Promise (<anonymous>)\n    at runWithCancel (file:///app/applet/node_modules/@vitest/runner/dist/chunk-artifact.js:2323:10)\n    at file:///app/applet/node_modules/@vitest/runner/dist/chunk-artifact.js:2305:20\n    at new Promise (<anonymous>)\n    at runWithTimeout (file:///app/applet/node_modules/@vitest/runner/dist/chunk-artifact.js:2272:10)\n    at file:///app/applet/node_modules/@vitest/runner/dist/chunk-artifact.js:2955:64"],"meta":{},"tags":[]}],"startTime":1785921569259,"endTime":1785921569271.7651,"status":"failed","message":"","name":"/app/applet/src/tests/suite1_tenant_isolation.test.ts"},{"assertionResults":[{"ancestorTitles":["Suite 2: Bug Selector, Search & State Matrix (Targeted High-Impact Functional Unit Tests)"],"fullName":"Suite 2: Bug Selector, Search & State Matrix (Targeted High-Impact Functional Unit Tests) loads default bug list with valid initial dataset","status":"failed","title":"loads default bug list with valid initial dataset","duration":3.6132219999999506,"failureMessages":["AssertionError: expected 'JIRA-4892' to be 'BUG-409' // Object.is equality\n    at /app/applet/src/tests/suite2_bug_selector.test.ts:8:31\n    at file:///app/applet/node_modules/@vitest/runner/dist/chunk-artifact.js:302:11\n    at file:///app/applet/node_modules/@vitest/runner/dist/chunk-artifact.js:1903:26\n    at file:///app/applet/node_modules/@vitest/runner/dist/chunk-artifact.js:2326:20\n    at new Promise (<anonymous>)\n    at runWithCancel (file:///app/applet/node_modules/@vitest/runner/dist/chunk-artifact.js:2323:10)\n    at file:///app/applet/node_modules/@vitest/runner/dist/chunk-artifact.js:2305:20\n    at new Promise (<anonymous>)\n    at runWithTimeout (file:///app/applet/node_modules/@vitest/runner/dist/chunk-artifact.js:2272:10)\n    at file:///app/applet/node_modules/@vitest/runner/dist/chunk-artifact.js:2955:64"],"meta":{},"tags":[]},{"ancestorTitles":["Suite 2: Bug Selector, Search & State Matrix (Targeted High-Impact Functional Unit Tests)"],"fullName":"Suite 2: Bug Selector, Search & State Matrix (Targeted High-Impact Functional Unit Tests) selects target bug and extracts complete stack trace context","status":"failed","title":"selects target bug and extracts complete stack trace context","duration":0.94476799999984,"failureMessages":["AssertionError: expected undefined to be defined\n    at /app/applet/src/tests/suite2_bug_selector.test.ts:16:17\n    at file:///app/applet/node_modules/@vitest/runner/dist/chunk-artifact.js:302:11\n    at file:///app/applet/node_modules/@vitest/runner/dist/chunk-artifact.js:1903:26\n    at file:///app/applet/node_modules/@vitest/runner/dist/chunk-artifact.js:2326:20\n    at new Promise (<anonymous>)\n    at runWithCancel (file:///app/applet/node_modules/@vitest/runner/dist/chunk-artifact.js:2323:10)\n    at file:///app/applet/node_modules/@vitest/runner/dist/chunk-artifact.js:2305:20\n    at new Promise (<anonymous>)\n    at runWithTimeout (file:///app/applet/node_modules/@vitest/runner/dist/chunk-artifact.js:2272:10)\n    at file:///app/applet/node_modules/@vitest/runner/dist/chunk-artifact.js:2955:64"],"meta":{},"tags":[]},{"ancestorTitles":["Suite 2: Bug Selector, Search & State Matrix (Targeted High-Impact Functional Unit Tests)"],"fullName":"Suite 2: Bug Selector, Search & State Matrix (Targeted High-Impact Functional Unit Tests) filters bugs by exact Bug ID query","status":"failed","title":"filters bugs by exact Bug ID query","duration":2.428548999999748,"failureMessages":["AssertionError: expected +0 to be 1 // Object.is equality\n    at /app/applet/src/tests/suite2_bug_selector.test.ts:26:28\n    at file:///app/applet/node_modules/@vitest/runner/dist/chunk-artifact.js:302:11\n    at file:///app/applet/node_modules/@vitest/runner/dist/chunk-artifact.js:1903:26\n    at file:///app/applet/node_modules/@vitest/runner/dist/chunk-artifact.js:2326:20\n    at new Promise (<anonymous>)\n    at runWithCancel (file:///app/applet/node_modules/@vitest/runner/dist/chunk-artifact.js:2323:10)\n    at file:///app/applet/node_modules/@vitest/runner/dist/chunk-artifact.js:2305:20\n    at new Promise (<anonymous>)\n    at runWithTimeout (file:///app/applet/node_modules/@vitest/runner/dist/chunk-artifact.js:2272:10)\n    at file:///app/applet/node_modules/@vitest/runner/dist/chunk-artifact.js:2955:64"],"meta":{},"tags":[]},{"ancestorTitles":["Suite 2: Bug Selector, Search & State Matrix (Targeted High-Impact Functional Unit Tests)"],"fullName":"Suite 2: Bug Selector, Search & State Matrix (Targeted High-Impact Functional Unit Tests) filters bugs by keyword match in title","status":"passed","title":"filters bugs by keyword match in title","duration":0.310903000000053,"failureMessages":[],"meta":{},"tags":[]},{"ancestorTitles":["Suite 2: Bug Selector, Search & State Matrix (Targeted High-Impact Functional Unit Tests)"],"fullName":"Suite 2: Bug Selector, Search & State Matrix (Targeted High-Impact Functional Unit Tests) filters bugs by repo path match","status":"passed","title":"filters bugs by repo path match","duration":0.19252400000004855,"failureMessages":[],"meta":{},"tags":[]},{"ancestorTitles":["Suite 2: Bug Selector, Search & State Matrix (Targeted High-Impact Functional Unit Tests)"],"fullName":"Suite 2: Bug Selector, Search & State Matrix (Targeted High-Impact Functional Unit Tests) maps bug severity levels to expected UI badge color styles","status":"passed","title":"maps bug severity levels to expected UI badge color styles","duration":0.24978299999975206,"failureMessages":[],"meta":{},"tags":[]},{"ancestorTitles":["Suite 2: Bug Selector, Search & State Matrix (Targeted High-Impact Functional Unit Tests)"],"fullName":"Suite 2: Bug Selector, Search & State Matrix (Targeted High-Impact Functional Unit Tests) executes status lifecycle progression from Open to RESOLVED","status":"passed","title":"executes status lifecycle progression from Open to RESOLVED","duration":0.21179099999972095,"failureMessages":[],"meta":{},"tags":[]},{"ancestorTitles":["Suite 2: Bug Selector, Search & State Matrix (Targeted High-Impact Functional Unit Tests)"],"fullName":"Suite 2: Bug Selector, Search & State Matrix (Targeted High-Impact Functional Unit Tests) returns empty array when search query matches no items","status":"passed","title":"returns empty array when search query matches no items","duration":0.24362500000006548,"failureMessages":[],"meta":{},"tags":[]},{"ancestorTitles":["Suite 2: Bug Selector, Search & State Matrix (Targeted High-Impact Functional Unit Tests)"],"fullName":"Suite 2: Bug Selector, Search & State Matrix (Targeted High-Impact Functional Unit Tests) handles case-insensitive search queries correctly","status":"passed","title":"handles case-insensitive search queries correctly","duration":0.19572900000002846,"failureMessages":[],"meta":{},"tags":[]},{"ancestorTitles":["Suite 2: Bug Selector, Search & State Matrix (Targeted High-Impact Functional Unit Tests)"],"fullName":"Suite 2: Bug Selector, Search & State Matrix (Targeted High-Impact Functional Unit Tests) validates bug note attachment and timeline comment creation","status":"passed","title":"validates bug note attachment and timeline comment creation","duration":0.3433270000000448,"failureMessages":[],"meta":{},"tags":[]}],"startTime":1785921569427,"endTime":1785921569435.3433,"status":"failed","message":"","name":"/app/applet/src/tests/suite2_bug_selector.test.ts"},{"assertionResults":[{"ancestorTitles":["Suite 3: Autonomous Swarm Engine & Sub-Agent State Loop (Targeted High-Impact Functional Unit Tests)"],"fullName":"Suite 3: Autonomous Swarm Engine & Sub-Agent State Loop (Targeted High-Impact Functional Unit Tests) verifies default sub-agent configuration contains all 6 specialized agents","status":"failed","title":"verifies default sub-agent configuration contains all 6 specialized agents","duration":3.8723650000001726,"failureMessages":["AssertionError: expected [ 'RCA Analyst', 'KB Retriever', …(4) ] to include 'CI Coordinator'\n    at Proxy.<anonymous> (file:///app/applet/node_modules/@vitest/expect/dist/index.js:1319:15)\n    at Proxy.<anonymous> (file:///app/applet/node_modules/@vitest/expect/dist/index.js:1156:15)\n    at Proxy.methodWrapper (file:///app/applet/node_modules/chai/index.js:1700:25)\n    at /app/applet/src/tests/suite3_swarm_engine.test.ts:23:19\n    at file:///app/applet/node_modules/@vitest/runner/dist/chunk-artifact.js:302:11\n    at file:///app/applet/node_modules/@vitest/runner/dist/chunk-artifact.js:1903:26\n    at file:///app/applet/node_modules/@vitest/runner/dist/chunk-artifact.js:2326:20\n    at new Promise (<anonymous>)\n    at runWithCancel (file:///app/applet/node_modules/@vitest/runner/dist/chunk-artifact.js:2323:10)\n    at file:///app/applet/node_modules/@vitest/runner/dist/chunk-artifact.js:2305:20"],"meta":{},"tags":[]},{"ancestorTitles":["Suite 3: Autonomous Swarm Engine & Sub-Agent State Loop (Targeted High-Impact Functional Unit Tests)"],"fullName":"Suite 3: Autonomous Swarm Engine & Sub-Agent State Loop (Targeted High-Impact Functional Unit Tests) calculates baseline token allocation for RCA Analyst on Critical severity bug","status":"passed","title":"calculates baseline token allocation for RCA Analyst on Critical severity bug","duration":0.4999889999999141,"failureMessages":[],"meta":{},"tags":[]},{"ancestorTitles":["Suite 3: Autonomous Swarm Engine & Sub-Agent State Loop (Targeted High-Impact Functional Unit Tests)"],"fullName":"Suite 3: Autonomous Swarm Engine & Sub-Agent State Loop (Targeted High-Impact Functional Unit Tests) applies lower token multiplier for High and Medium bug severities","status":"passed","title":"applies lower token multiplier for High and Medium bug severities","duration":0.37827500000003056,"failureMessages":[],"meta":{},"tags":[]},{"ancestorTitles":["Suite 3: Autonomous Swarm Engine & Sub-Agent State Loop (Targeted High-Impact Functional Unit Tests)"],"fullName":"Suite 3: Autonomous Swarm Engine & Sub-Agent State Loop (Targeted High-Impact Functional Unit Tests) scales token consumption linearly with loop iteration index","status":"passed","title":"scales token consumption linearly with loop iteration index","duration":0.33098900000004505,"failureMessages":[],"meta":{},"tags":[]},{"ancestorTitles":["Suite 3: Autonomous Swarm Engine & Sub-Agent State Loop (Targeted High-Impact Functional Unit Tests)"],"fullName":"Suite 3: Autonomous Swarm Engine & Sub-Agent State Loop (Targeted High-Impact Functional Unit Tests) updates cumulative tokens across all sub-agents in a swarm array","status":"passed","title":"updates cumulative tokens across all sub-agents in a swarm array","duration":0.42220999999972264,"failureMessages":[],"meta":{},"tags":[]},{"ancestorTitles":["Suite 3: Autonomous Swarm Engine & Sub-Agent State Loop (Targeted High-Impact Functional Unit Tests)"],"fullName":"Suite 3: Autonomous Swarm Engine & Sub-Agent State Loop (Targeted High-Impact Functional Unit Tests) calculates model pricing accurately for Gemini 2.5 Pro vs Gemini 2.5 Flash","status":"passed","title":"calculates model pricing accurately for Gemini 2.5 Pro vs Gemini 2.5 Flash","duration":0.38198899999997593,"failureMessages":[],"meta":{},"tags":[]},{"ancestorTitles":["Suite 3: Autonomous Swarm Engine & Sub-Agent State Loop (Targeted High-Impact Functional Unit Tests)"],"fullName":"Suite 3: Autonomous Swarm Engine & Sub-Agent State Loop (Targeted High-Impact Functional Unit Tests) simulates async sub-agent execution and produces structured output report","status":"passed","title":"simulates async sub-agent execution and produces structured output report","duration":0.44467900000017835,"failureMessages":[],"meta":{},"tags":[]},{"ancestorTitles":["Suite 3: Autonomous Swarm Engine & Sub-Agent State Loop (Targeted High-Impact Functional Unit Tests)"],"fullName":"Suite 3: Autonomous Swarm Engine & Sub-Agent State Loop (Targeted High-Impact Functional Unit Tests) validates sub-agent state loop transitions between IDLE, WORKING, and COMPLETED","status":"passed","title":"validates sub-agent state loop transitions between IDLE, WORKING, and COMPLETED","duration":0.39220300000033603,"failureMessages":[],"meta":{},"tags":[]},{"ancestorTitles":["Suite 3: Autonomous Swarm Engine & Sub-Agent State Loop (Targeted High-Impact Functional Unit Tests)"],"fullName":"Suite 3: Autonomous Swarm Engine & Sub-Agent State Loop (Targeted High-Impact Functional Unit Tests) handles harness test failure and triggers Alert / Blocked state","status":"passed","title":"handles harness test failure and triggers Alert / Blocked state","duration":0.3226019999997334,"failureMessages":[],"meta":{},"tags":[]},{"ancestorTitles":["Suite 3: Autonomous Swarm Engine & Sub-Agent State Loop (Targeted High-Impact Functional Unit Tests)"],"fullName":"Suite 3: Autonomous Swarm Engine & Sub-Agent State Loop (Targeted High-Impact Functional Unit Tests) executes pause, resume, and hard reset swarm state controls","status":"passed","title":"executes pause, resume, and hard reset swarm state controls","duration":0.34975200000008044,"failureMessages":[],"meta":{},"tags":[]}],"startTime":1785921569327,"endTime":1785921569334.3499,"status":"failed","message":"","name":"/app/applet/src/tests/suite3_swarm_engine.test.ts"},{"assertionResults":[{"ancestorTitles":["Suite 4: Ephemeral Worker Runner Pool & Worktree Operations (Targeted High-Impact Functional Unit Tests)"],"fullName":"Suite 4: Ephemeral Worker Runner Pool & Worktree Operations (Targeted High-Impact Functional Unit Tests) verifies worker pool pod capacity boundaries (500 max pods)","status":"passed","title":"verifies worker pool pod capacity boundaries (500 max pods)","duration":0.3874300000002222,"failureMessages":[],"meta":{},"tags":[]},{"ancestorTitles":["Suite 4: Ephemeral Worker Runner Pool & Worktree Operations (Targeted High-Impact Functional Unit Tests)"],"fullName":"Suite 4: Ephemeral Worker Runner Pool & Worktree Operations (Targeted High-Impact Functional Unit Tests) validates per-pod resource quota constraints (2 vCPU / 4GB RAM / 10GB NVMe)","status":"passed","title":"validates per-pod resource quota constraints (2 vCPU / 4GB RAM / 10GB NVMe)","duration":0.19571300000006886,"failureMessages":[],"meta":{},"tags":[]},{"ancestorTitles":["Suite 4: Ephemeral Worker Runner Pool & Worktree Operations (Targeted High-Impact Functional Unit Tests)"],"fullName":"Suite 4: Ephemeral Worker Runner Pool & Worktree Operations (Targeted High-Impact Functional Unit Tests) verifies gVisor kernel sandbox and GIT_INDEX_FILE environment isolation","status":"passed","title":"verifies gVisor kernel sandbox and GIT_INDEX_FILE environment isolation","duration":0.15762900000027003,"failureMessages":[],"meta":{},"tags":[]},{"ancestorTitles":["Suite 4: Ephemeral Worker Runner Pool & Worktree Operations (Targeted High-Impact Functional Unit Tests)"],"fullName":"Suite 4: Ephemeral Worker Runner Pool & Worktree Operations (Targeted High-Impact Functional Unit Tests) constructs correct pod dispatch request payload for /api/worktree/dispatch endpoint","status":"passed","title":"constructs correct pod dispatch request payload for /api/worktree/dispatch endpoint","duration":0.36476200000015524,"failureMessages":[],"meta":{},"tags":[]},{"ancestorTitles":["Suite 4: Ephemeral Worker Runner Pool & Worktree Operations (Targeted High-Impact Functional Unit Tests)"],"fullName":"Suite 4: Ephemeral Worker Runner Pool & Worktree Operations (Targeted High-Impact Functional Unit Tests) calculates workspace TTL expiration and triggers auto-prune when TTL exceeded","status":"passed","title":"calculates workspace TTL expiration and triggers auto-prune when TTL exceeded","duration":0.23102000000017142,"failureMessages":[],"meta":{},"tags":[]},{"ancestorTitles":["Suite 4: Ephemeral Worker Runner Pool & Worktree Operations (Targeted High-Impact Functional Unit Tests)"],"fullName":"Suite 4: Ephemeral Worker Runner Pool & Worktree Operations (Targeted High-Impact Functional Unit Tests) verifies worker pod spin-up latency SLA stays under 500ms target","status":"passed","title":"verifies worker pod spin-up latency SLA stays under 500ms target","duration":0.1208360000000539,"failureMessages":[],"meta":{},"tags":[]},{"ancestorTitles":["Suite 4: Ephemeral Worker Runner Pool & Worktree Operations (Targeted High-Impact Functional Unit Tests)"],"fullName":"Suite 4: Ephemeral Worker Runner Pool & Worktree Operations (Targeted High-Impact Functional Unit Tests) simulates worker pod cleanup API invocation upon session completion","status":"passed","title":"simulates worker pod cleanup API invocation upon session completion","duration":0.23665499999970052,"failureMessages":[],"meta":{},"tags":[]},{"ancestorTitles":["Suite 4: Ephemeral Worker Runner Pool & Worktree Operations (Targeted High-Impact Functional Unit Tests)"],"fullName":"Suite 4: Ephemeral Worker Runner Pool & Worktree Operations (Targeted High-Impact Functional Unit Tests) rejects dispatch requests when active pods reach maximum pool capacity","status":"passed","title":"rejects dispatch requests when active pods reach maximum pool capacity","duration":0.27674800000022515,"failureMessages":[],"meta":{},"tags":[]},{"ancestorTitles":["Suite 4: Ephemeral Worker Runner Pool & Worktree Operations (Targeted High-Impact Functional Unit Tests)"],"fullName":"Suite 4: Ephemeral Worker Runner Pool & Worktree Operations (Targeted High-Impact Functional Unit Tests) isolates git index files per worker pod to prevent concurrent index lock contention","status":"passed","title":"isolates git index files per worker pod to prevent concurrent index lock contention","duration":0.30786299999999756,"failureMessages":[],"meta":{},"tags":[]},{"ancestorTitles":["Suite 4: Ephemeral Worker Runner Pool & Worktree Operations (Targeted High-Impact Functional Unit Tests)"],"fullName":"Suite 4: Ephemeral Worker Runner Pool & Worktree Operations (Targeted High-Impact Functional Unit Tests) calculates aggregate CPU and RAM pool utilization percentages","status":"passed","title":"calculates aggregate CPU and RAM pool utilization percentages","duration":0.31437599999981103,"failureMessages":[],"meta":{},"tags":[]}],"startTime":1785921569377,"endTime":1785921569379.3145,"status":"passed","message":"","name":"/app/applet/src/tests/suite4_worker_pool.test.ts"},{"assertionResults":[{"ancestorTitles":["Suite 5: API & Secret Governance, Vault Proxy & Rate Limiter (Targeted High-Impact Functional Unit Tests)"],"fullName":"Suite 5: API & Secret Governance, Vault Proxy & Rate Limiter (Targeted High-Impact Functional Unit Tests) masks GitHub Personal Access Tokens safely for UI display","status":"passed","title":"masks GitHub Personal Access Tokens safely for UI display","duration":0.5715259999997215,"failureMessages":[],"meta":{},"tags":[]},{"ancestorTitles":["Suite 5: API & Secret Governance, Vault Proxy & Rate Limiter (Targeted High-Impact Functional Unit Tests)"],"fullName":"Suite 5: API & Secret Governance, Vault Proxy & Rate Limiter (Targeted High-Impact Functional Unit Tests) returns fallback string when secret is undefined or shorter than 6 characters","status":"passed","title":"returns fallback string when secret is undefined or shorter than 6 characters","duration":0.3540680000000975,"failureMessages":[],"meta":{},"tags":[]},{"ancestorTitles":["Suite 5: API & Secret Governance, Vault Proxy & Rate Limiter (Targeted High-Impact Functional Unit Tests)"],"fullName":"Suite 5: API & Secret Governance, Vault Proxy & Rate Limiter (Targeted High-Impact Functional Unit Tests) allows API requests when token bucket rate limiter is within quota limit","status":"passed","title":"allows API requests when token bucket rate limiter is within quota limit","duration":0.3862619999999879,"failureMessages":[],"meta":{},"tags":[]},{"ancestorTitles":["Suite 5: API & Secret Governance, Vault Proxy & Rate Limiter (Targeted High-Impact Functional Unit Tests)"],"fullName":"Suite 5: API & Secret Governance, Vault Proxy & Rate Limiter (Targeted High-Impact Functional Unit Tests) rejects API requests with HTTP 429 when token bucket quota is exceeded","status":"passed","title":"rejects API requests with HTTP 429 when token bucket quota is exceeded","duration":0.433332000000064,"failureMessages":[],"meta":{},"tags":[]},{"ancestorTitles":["Suite 5: API & Secret Governance, Vault Proxy & Rate Limiter (Targeted High-Impact Functional Unit Tests)"],"fullName":"Suite 5: API & Secret Governance, Vault Proxy & Rate Limiter (Targeted High-Impact Functional Unit Tests) calculates exact rate limiter reset window countdown in seconds","status":"passed","title":"calculates exact rate limiter reset window countdown in seconds","duration":0.2617769999997108,"failureMessages":[],"meta":{},"tags":[]},{"ancestorTitles":["Suite 5: API & Secret Governance, Vault Proxy & Rate Limiter (Targeted High-Impact Functional Unit Tests)"],"fullName":"Suite 5: API & Secret Governance, Vault Proxy & Rate Limiter (Targeted High-Impact Functional Unit Tests) validates Personal Access Token prefix patterns for GitHub authentication","status":"passed","title":"validates Personal Access Token prefix patterns for GitHub authentication","duration":0.41373699999985547,"failureMessages":[],"meta":{},"tags":[]},{"ancestorTitles":["Suite 5: API & Secret Governance, Vault Proxy & Rate Limiter (Targeted High-Impact Functional Unit Tests)"],"fullName":"Suite 5: API & Secret Governance, Vault Proxy & Rate Limiter (Targeted High-Impact Functional Unit Tests) sanitizes Vault proxy parameters to prevent credential exposure in log streams","status":"passed","title":"sanitizes Vault proxy parameters to prevent credential exposure in log streams","duration":0.41876200000024255,"failureMessages":[],"meta":{},"tags":[]},{"ancestorTitles":["Suite 5: API & Secret Governance, Vault Proxy & Rate Limiter (Targeted High-Impact Functional Unit Tests)"],"fullName":"Suite 5: API & Secret Governance, Vault Proxy & Rate Limiter (Targeted High-Impact Functional Unit Tests) handles missing credential error states cleanly with structured error responses","status":"passed","title":"handles missing credential error states cleanly with structured error responses","duration":0.34123300000010204,"failureMessages":[],"meta":{},"tags":[]},{"ancestorTitles":["Suite 5: API & Secret Governance, Vault Proxy & Rate Limiter (Targeted High-Impact Functional Unit Tests)"],"fullName":"Suite 5: API & Secret Governance, Vault Proxy & Rate Limiter (Targeted High-Impact Functional Unit Tests) isolates multi-provider secret namespaces (Gemini vs GitHub vs Jira)","status":"passed","title":"isolates multi-provider secret namespaces (Gemini vs GitHub vs Jira)","duration":0.3790209999997387,"failureMessages":[],"meta":{},"tags":[]}],"startTime":1785921569295,"endTime":1785921569299.379,"status":"passed","message":"","name":"/app/applet/src/tests/suite5_api_governance.test.ts"},{"assertionResults":[{"ancestorTitles":["Suite 6: MicroVM Sandbox & Security Command Interception (Targeted High-Impact Functional Unit Tests)"],"fullName":"Suite 6: MicroVM Sandbox & Security Command Interception (Targeted High-Impact Functional Unit Tests) approves standard unit test commands inside the MicroVM sandbox","status":"passed","title":"approves standard unit test commands inside the MicroVM sandbox","duration":0.4103630000004159,"failureMessages":[],"meta":{},"tags":[]},{"ancestorTitles":["Suite 6: MicroVM Sandbox & Security Command Interception (Targeted High-Impact Functional Unit Tests)"],"fullName":"Suite 6: MicroVM Sandbox & Security Command Interception (Targeted High-Impact Functional Unit Tests) intercepts and blocks destructive rm -rf command injection","status":"passed","title":"intercepts and blocks destructive rm -rf command injection","duration":0.17725700000028155,"failureMessages":[],"meta":{},"tags":[]},{"ancestorTitles":["Suite 6: MicroVM Sandbox & Security Command Interception (Targeted High-Impact Functional Unit Tests)"],"fullName":"Suite 6: MicroVM Sandbox & Security Command Interception (Targeted High-Impact Functional Unit Tests) intercepts and blocks privilege escalation attempt via sudo","status":"passed","title":"intercepts and blocks privilege escalation attempt via sudo","duration":0.14252200000009907,"failureMessages":[],"meta":{},"tags":[]},{"ancestorTitles":["Suite 6: MicroVM Sandbox & Security Command Interception (Targeted High-Impact Functional Unit Tests)"],"fullName":"Suite 6: MicroVM Sandbox & Security Command Interception (Targeted High-Impact Functional Unit Tests) intercepts and blocks unvetted remote script execution via curl | bash","status":"passed","title":"intercepts and blocks unvetted remote script execution via curl | bash","duration":0.1157549999998082,"failureMessages":[],"meta":{},"tags":[]},{"ancestorTitles":["Suite 6: MicroVM Sandbox & Security Command Interception (Targeted High-Impact Functional Unit Tests)"],"fullName":"Suite 6: MicroVM Sandbox & Security Command Interception (Targeted High-Impact Functional Unit Tests) intercepts and blocks file permission escalation via chmod","status":"passed","title":"intercepts and blocks file permission escalation via chmod","duration":0.18738200000007055,"failureMessages":[],"meta":{},"tags":[]},{"ancestorTitles":["Suite 6: MicroVM Sandbox & Security Command Interception (Targeted High-Impact Functional Unit Tests)"],"fullName":"Suite 6: MicroVM Sandbox & Security Command Interception (Targeted High-Impact Functional Unit Tests) intercepts and blocks arbitrary file download via wget","status":"passed","title":"intercepts and blocks arbitrary file download via wget","duration":0.11261100000001534,"failureMessages":[],"meta":{},"tags":[]},{"ancestorTitles":["Suite 6: MicroVM Sandbox & Security Command Interception (Targeted High-Impact Functional Unit Tests)"],"fullName":"Suite 6: MicroVM Sandbox & Security Command Interception (Targeted High-Impact Functional Unit Tests) intercepts and blocks named pipe creation via mkfifo","status":"passed","title":"intercepts and blocks named pipe creation via mkfifo","duration":0.12685700000020006,"failureMessages":[],"meta":{},"tags":[]},{"ancestorTitles":["Suite 6: MicroVM Sandbox & Security Command Interception (Targeted High-Impact Functional Unit Tests)"],"fullName":"Suite 6: MicroVM Sandbox & Security Command Interception (Targeted High-Impact Functional Unit Tests) intercepts and blocks raw device write redirection via > /dev/","status":"passed","title":"intercepts and blocks raw device write redirection via > /dev/","duration":0.11343099999976403,"failureMessages":[],"meta":{},"tags":[]},{"ancestorTitles":["Suite 6: MicroVM Sandbox & Security Command Interception (Targeted High-Impact Functional Unit Tests)"],"fullName":"Suite 6: MicroVM Sandbox & Security Command Interception (Targeted High-Impact Functional Unit Tests) enforces unprivileged execution context (UID 10001, GID 10001)","status":"passed","title":"enforces unprivileged execution context (UID 10001, GID 10001)","duration":0.21772199999986697,"failureMessages":[],"meta":{},"tags":[]},{"ancestorTitles":["Suite 6: MicroVM Sandbox & Security Command Interception (Targeted High-Impact Functional Unit Tests)"],"fullName":"Suite 6: MicroVM Sandbox & Security Command Interception (Targeted High-Impact Functional Unit Tests) verifies read-only rootfs enforcement and writable tmpfs mount point","status":"passed","title":"verifies read-only rootfs enforcement and writable tmpfs mount point","duration":0.22329100000024482,"failureMessages":[],"meta":{},"tags":[]},{"ancestorTitles":["Suite 6: MicroVM Sandbox & Security Command Interception (Targeted High-Impact Functional Unit Tests)"],"fullName":"Suite 6: MicroVM Sandbox & Security Command Interception (Targeted High-Impact Functional Unit Tests) enforces egress network proxy domain whitelist","status":"passed","title":"enforces egress network proxy domain whitelist","duration":0.47949500000004264,"failureMessages":[],"meta":{},"tags":[]}],"startTime":1785921569458,"endTime":1785921569460.4795,"status":"passed","message":"","name":"/app/applet/src/tests/suite6_sandbox_security.test.ts"},{"assertionResults":[{"ancestorTitles":["Suite 7: GitHub Integration & Draft PR Workflow (Targeted High-Impact Functional Unit Tests)"],"fullName":"Suite 7: GitHub Integration & Draft PR Workflow (Targeted High-Impact Functional Unit Tests) loads default GitHub configuration with repo URL and base branch","status":"failed","title":"loads default GitHub configuration with repo URL and base branch","duration":2.8929409999996096,"failureMessages":["AssertionError: expected 'https://github.com/autorca-suite/exam…' to be 'https://github.com/org/payment-service' // Object.is equality\n    at /app/applet/src/tests/suite7_github_workflow.test.ts:6:41\n    at file:///app/applet/node_modules/@vitest/runner/dist/chunk-artifact.js:302:11\n    at file:///app/applet/node_modules/@vitest/runner/dist/chunk-artifact.js:1903:26\n    at file:///app/applet/node_modules/@vitest/runner/dist/chunk-artifact.js:2326:20\n    at new Promise (<anonymous>)\n    at runWithCancel (file:///app/applet/node_modules/@vitest/runner/dist/chunk-artifact.js:2323:10)\n    at file:///app/applet/node_modules/@vitest/runner/dist/chunk-artifact.js:2305:20\n    at new Promise (<anonymous>)\n    at runWithTimeout (file:///app/applet/node_modules/@vitest/runner/dist/chunk-artifact.js:2272:10)\n    at file:///app/applet/node_modules/@vitest/runner/dist/chunk-artifact.js:2955:64"],"meta":{},"tags":[]},{"ancestorTitles":["Suite 7: GitHub Integration & Draft PR Workflow (Targeted High-Impact Functional Unit Tests)"],"fullName":"Suite 7: GitHub Integration & Draft PR Workflow (Targeted High-Impact Functional Unit Tests) validates Personal Access Token format requirement (ghp_ or github_pat_)","status":"passed","title":"validates Personal Access Token format requirement (ghp_ or github_pat_)","duration":0.34623899999996866,"failureMessages":[],"meta":{},"tags":[]},{"ancestorTitles":["Suite 7: GitHub Integration & Draft PR Workflow (Targeted High-Impact Functional Unit Tests)"],"fullName":"Suite 7: GitHub Integration & Draft PR Workflow (Targeted High-Impact Functional Unit Tests) generates structured GitHub Draft Pull Request payload with Markdown report","status":"passed","title":"generates structured GitHub Draft Pull Request payload with Markdown report","duration":0.33001199999989694,"failureMessages":[],"meta":{},"tags":[]},{"ancestorTitles":["Suite 7: GitHub Integration & Draft PR Workflow (Targeted High-Impact Functional Unit Tests)"],"fullName":"Suite 7: GitHub Integration & Draft PR Workflow (Targeted High-Impact Functional Unit Tests) formats standardized Git worktree branch names","status":"passed","title":"formats standardized Git worktree branch names","duration":0.28850099999999657,"failureMessages":[],"meta":{},"tags":[]},{"ancestorTitles":["Suite 7: GitHub Integration & Draft PR Workflow (Targeted High-Impact Functional Unit Tests)"],"fullName":"Suite 7: GitHub Integration & Draft PR Workflow (Targeted High-Impact Functional Unit Tests) validates Unified Git Diff patch synthesis header compliance","status":"passed","title":"validates Unified Git Diff patch synthesis header compliance","duration":0.21461699999963457,"failureMessages":[],"meta":{},"tags":[]},{"ancestorTitles":["Suite 7: GitHub Integration & Draft PR Workflow (Targeted High-Impact Functional Unit Tests)"],"fullName":"Suite 7: GitHub Integration & Draft PR Workflow (Targeted High-Impact Functional Unit Tests) simulates polling GitHub Actions CI check run statuses","status":"passed","title":"simulates polling GitHub Actions CI check run statuses","duration":0.17397900000014488,"failureMessages":[],"meta":{},"tags":[]},{"ancestorTitles":["Suite 7: GitHub Integration & Draft PR Workflow (Targeted High-Impact Functional Unit Tests)"],"fullName":"Suite 7: GitHub Integration & Draft PR Workflow (Targeted High-Impact Functional Unit Tests) handles CI check run failure and reports failing test suite","status":"passed","title":"handles CI check run failure and reports failing test suite","duration":0.1584909999996853,"failureMessages":[],"meta":{},"tags":[]},{"ancestorTitles":["Suite 7: GitHub Integration & Draft PR Workflow (Targeted High-Impact Functional Unit Tests)"],"fullName":"Suite 7: GitHub Integration & Draft PR Workflow (Targeted High-Impact Functional Unit Tests) generates peer review comment template for Jira ticket synchronization","status":"passed","title":"generates peer review comment template for Jira ticket synchronization","duration":0.17496500000015658,"failureMessages":[],"meta":{},"tags":[]}],"startTime":1785921569396,"endTime":1785921569400.2886,"status":"failed","message":"","name":"/app/applet/src/tests/suite7_github_workflow.test.ts"},{"assertionResults":[{"ancestorTitles":["Suite 8: Knowledge Base Connectors & RAG Processing (Targeted High-Impact Functional Unit Tests)"],"fullName":"Suite 8: Knowledge Base Connectors & RAG Processing (Targeted High-Impact Functional Unit Tests) loads default knowledge base connectors including Confluence spaces and PDF post-mortems","status":"failed","title":"loads default knowledge base connectors including Confluence spaces and PDF post-mortems","duration":1.1087670000001708,"failureMessages":["AssertionError: expected [ 'Confluence', …(2) ] to include 'Confluence Space'\n    at Proxy.<anonymous> (file:///app/applet/node_modules/@vitest/expect/dist/index.js:1319:15)\n    at Proxy.<anonymous> (file:///app/applet/node_modules/@vitest/expect/dist/index.js:1156:15)\n    at Proxy.methodWrapper (file:///app/applet/node_modules/chai/index.js:1700:25)\n    at /app/applet/src/tests/suite8_kb_rag.test.ts:9:19\n    at file:///app/applet/node_modules/@vitest/runner/dist/chunk-artifact.js:302:11\n    at file:///app/applet/node_modules/@vitest/runner/dist/chunk-artifact.js:1903:26\n    at file:///app/applet/node_modules/@vitest/runner/dist/chunk-artifact.js:2326:20\n    at new Promise (<anonymous>)\n    at runWithCancel (file:///app/applet/node_modules/@vitest/runner/dist/chunk-artifact.js:2323:10)\n    at file:///app/applet/node_modules/@vitest/runner/dist/chunk-artifact.js:2305:20"],"meta":{},"tags":[]},{"ancestorTitles":["Suite 8: Knowledge Base Connectors & RAG Processing (Targeted High-Impact Functional Unit Tests)"],"fullName":"Suite 8: Knowledge Base Connectors & RAG Processing (Targeted High-Impact Functional Unit Tests) filters retrieved RAG context chunks by semantic relevance threshold (score >= 0.78)","status":"passed","title":"filters retrieved RAG context chunks by semantic relevance threshold (score >= 0.78)","duration":0.38005500000008396,"failureMessages":[],"meta":{},"tags":[]},{"ancestorTitles":["Suite 8: Knowledge Base Connectors & RAG Processing (Targeted High-Impact Functional Unit Tests)"],"fullName":"Suite 8: Knowledge Base Connectors & RAG Processing (Targeted High-Impact Functional Unit Tests) splits long post-mortem log documents into token-bounded text chunks","status":"passed","title":"splits long post-mortem log documents into token-bounded text chunks","duration":0.24748899999985952,"failureMessages":[],"meta":{},"tags":[]},{"ancestorTitles":["Suite 8: Knowledge Base Connectors & RAG Processing (Targeted High-Impact Functional Unit Tests)"],"fullName":"Suite 8: Knowledge Base Connectors & RAG Processing (Targeted High-Impact Functional Unit Tests) validates PDF upload file size limit enforcement (25 MB maximum)","status":"passed","title":"validates PDF upload file size limit enforcement (25 MB maximum)","duration":0.2604999999998654,"failureMessages":[],"meta":{},"tags":[]},{"ancestorTitles":["Suite 8: Knowledge Base Connectors & RAG Processing (Targeted High-Impact Functional Unit Tests)"],"fullName":"Suite 8: Knowledge Base Connectors & RAG Processing (Targeted High-Impact Functional Unit Tests) formats Confluence PAT authentication request headers","status":"passed","title":"formats Confluence PAT authentication request headers","duration":0.19830300000012357,"failureMessages":[],"meta":{},"tags":[]},{"ancestorTitles":["Suite 8: Knowledge Base Connectors & RAG Processing (Targeted High-Impact Functional Unit Tests)"],"fullName":"Suite 8: Knowledge Base Connectors & RAG Processing (Targeted High-Impact Functional Unit Tests) handles Jira API connector sync state toggling","status":"passed","title":"handles Jira API connector sync state toggling","duration":0.19548500000018976,"failureMessages":[],"meta":{},"tags":[]},{"ancestorTitles":["Suite 8: Knowledge Base Connectors & RAG Processing (Targeted High-Impact Functional Unit Tests)"],"fullName":"Suite 8: Knowledge Base Connectors & RAG Processing (Targeted High-Impact Functional Unit Tests) extracts citation handles and URLs for enterprise audit traceability","status":"passed","title":"extracts citation handles and URLs for enterprise audit traceability","duration":0.13062399999989793,"failureMessages":[],"meta":{},"tags":[]}],"startTime":1785921569470,"endTime":1785921569472.2605,"status":"failed","message":"","name":"/app/applet/src/tests/suite8_kb_rag.test.ts"},{"assertionResults":[{"ancestorTitles":["Suite 9: Enterprise SIEM Audit Pipeline & Cryptographic Logs (Targeted High-Impact Functional Unit Tests)"],"fullName":"Suite 9: Enterprise SIEM Audit Pipeline & Cryptographic Logs (Targeted High-Impact Functional Unit Tests) validates audit event schema integrity and required SIEM fields","status":"passed","title":"validates audit event schema integrity and required SIEM fields","duration":0.6192329999998947,"failureMessages":[],"meta":{},"tags":[]},{"ancestorTitles":["Suite 9: Enterprise SIEM Audit Pipeline & Cryptographic Logs (Targeted High-Impact Functional Unit Tests)"],"fullName":"Suite 9: Enterprise SIEM Audit Pipeline & Cryptographic Logs (Targeted High-Impact Functional Unit Tests) verifies cryptographic SHA-256 checksum formatting prefix on audit records","status":"passed","title":"verifies cryptographic SHA-256 checksum formatting prefix on audit records","duration":0.5329560000000129,"failureMessages":[],"meta":{},"tags":[]},{"ancestorTitles":["Suite 9: Enterprise SIEM Audit Pipeline & Cryptographic Logs (Targeted High-Impact Functional Unit Tests)"],"fullName":"Suite 9: Enterprise SIEM Audit Pipeline & Cryptographic Logs (Targeted High-Impact Functional Unit Tests) filters audit log streams by tenant ID to prevent cross-tenant log leakage","status":"passed","title":"filters audit log streams by tenant ID to prevent cross-tenant log leakage","duration":0.6454199999998309,"failureMessages":[],"meta":{},"tags":[]},{"ancestorTitles":["Suite 9: Enterprise SIEM Audit Pipeline & Cryptographic Logs (Targeted High-Impact Functional Unit Tests)"],"fullName":"Suite 9: Enterprise SIEM Audit Pipeline & Cryptographic Logs (Targeted High-Impact Functional Unit Tests) serializes audit log records into compliant JSON SIEM download payload","status":"passed","title":"serializes audit log records into compliant JSON SIEM download payload","duration":0.9581499999999323,"failureMessages":[],"meta":{},"tags":[]},{"ancestorTitles":["Suite 9: Enterprise SIEM Audit Pipeline & Cryptographic Logs (Targeted High-Impact Functional Unit Tests)"],"fullName":"Suite 9: Enterprise SIEM Audit Pipeline & Cryptographic Logs (Targeted High-Impact Functional Unit Tests) formats audit records into Common Event Format (CEF) for SIEM syslog integration","status":"passed","title":"formats audit records into Common Event Format (CEF) for SIEM syslog integration","duration":0.5144209999998566,"failureMessages":[],"meta":{},"tags":[]},{"ancestorTitles":["Suite 9: Enterprise SIEM Audit Pipeline & Cryptographic Logs (Targeted High-Impact Functional Unit Tests)"],"fullName":"Suite 9: Enterprise SIEM Audit Pipeline & Cryptographic Logs (Targeted High-Impact Functional Unit Tests) sorts audit event records by timestamp descending (newest first)","status":"passed","title":"sorts audit event records by timestamp descending (newest first)","duration":0.42263299999967785,"failureMessages":[],"meta":{},"tags":[]},{"ancestorTitles":["Suite 9: Enterprise SIEM Audit Pipeline & Cryptographic Logs (Targeted High-Impact Functional Unit Tests)"],"fullName":"Suite 9: Enterprise SIEM Audit Pipeline & Cryptographic Logs (Targeted High-Impact Functional Unit Tests) maps audit event status codes to UI badge CSS classes","status":"passed","title":"maps audit event status codes to UI badge CSS classes","duration":0.37233199999991484,"failureMessages":[],"meta":{},"tags":[]},{"ancestorTitles":["Suite 9: Enterprise SIEM Audit Pipeline & Cryptographic Logs (Targeted High-Impact Functional Unit Tests)"],"fullName":"Suite 9: Enterprise SIEM Audit Pipeline & Cryptographic Logs (Targeted High-Impact Functional Unit Tests) prunes audit logs older than retention window (e.g. 90 days)","status":"passed","title":"prunes audit logs older than retention window (e.g. 90 days)","duration":0.9102320000001782,"failureMessages":[],"meta":{},"tags":[]}],"startTime":1785921569350,"endTime":1785921569354.9102,"status":"passed","message":"","name":"/app/applet/src/tests/suite9_siem_audit.test.ts"},{"assertionResults":[{"ancestorTitles":["SwarmEngine Token Calculation & Cost Modeling"],"fullName":"SwarmEngine Token Calculation & Cost Modeling correctly calculates USD cost based on token consumption and LLM model pricing","status":"passed","title":"correctly calculates USD cost based on token consumption and LLM model pricing","duration":0.3504779999998391,"failureMessages":[],"meta":{},"tags":[]},{"ancestorTitles":["SwarmEngine Token Calculation & Cost Modeling"],"fullName":"SwarmEngine Token Calculation & Cost Modeling simulateSubAgentExecution generates realistic token budgets and latency estimates","status":"passed","title":"simulateSubAgentExecution generates realistic token budgets and latency estimates","duration":0.2737400000000889,"failureMessages":[],"meta":{},"tags":[]}],"startTime":1785921569534,"endTime":1785921569534.3506,"status":"passed","message":"","name":"/app/applet/src/tests/swarmEngine.test.ts"}]}